<?xml version="1.0" encoding="UTF-8"?>
<!-- Generated by org.testng.reporters.JUnitXMLReporter -->
<testsuite ignored="4" hostname="DESKTOP-8TGK6H3" failures="0" tests="3" name="Test" time="0.201" errors="0" timestamp="2024-04-24T15:01:37 IST">
  <testcase classname="configurationAnnotation.TestScript1" name="testCase01" time="0.023"/>
  <testcase classname="configurationAnnotation.TestScript1" name="testCase02" time="0.009"/>
  <testcase classname="configurationAnnotation.TestScript2" name="testCase03" time="0.011"/>
  <testcase classname="configurationAnnotation.BaseClass" name="@BeforeSuite beforeSuite" time="0.0">
    <ignored/>
  </testcase> <!-- @BeforeSuite beforeSuite -->
  <testcase classname="configurationAnnotation.BaseClass" name="@AfterSuite afterSuite" time="0.0">
    <ignored/>
  </testcase> <!-- @AfterSuite afterSuite -->
  <testcase classname="configurationAnnotation.BaseClass" name="@AfterTest afterTest" time="0.0">
    <ignored/>
  </testcase> <!-- @AfterTest afterTest -->
  <testcase classname="configurationAnnotation.BaseClass" name="@BeforeTest beforeTest" time="0.0">
    <ignored/>
  </testcase> <!-- @BeforeTest beforeTest -->
</testsuite> <!-- Test -->
