<?xml version="1.0" encoding="UTF-8"?>
<testng-results ignored="0" total="1" passed="1" failed="0" skipped="0">
  <reporter-output>
    <line>
      <![CDATA[Before suite]]>
    </line>
    <line>
      <![CDATA[configuring report]]>
    </line>
    <line>
      <![CDATA[Before test]]>
    </line>
    <line>
      <![CDATA[Before class]]>
    </line>
    <line>
      <![CDATA[Launch browser, maximize and load url]]>
    </line>
    <line>
      <![CDATA[Before method]]>
    </line>
    <line>
      <![CDATA[Login]]>
    </line>
    <line>
      <![CDATA[electronics link clicked]]>
    </line>
    <line>
      <![CDATA[After method]]>
    </line>
    <line>
      <![CDATA[Logout]]>
    </line>
    <line>
      <![CDATA[After class]]>
    </line>
    <line>
      <![CDATA[Close the browser and end the session]]>
    </line>
    <line>
      <![CDATA[After test]]>
    </line>
    <line>
      <![CDATA[After suite]]>
    </line>
    <line>
      <![CDATA[flush the report]]>
    </line>
  </reporter-output>
  <suite started-at="2024-04-24T18:25:36 IST" name="Default suite" finished-at="2024-04-24T18:25:47 IST" duration-ms="11189">
    <groups>
    </groups>
    <test started-at="2024-04-24T18:25:36 IST" name="Default test" finished-at="2024-04-24T18:25:47 IST" duration-ms="11189">
      <class name="genericClasses.TestScript1">
        <test-method is-config="true" signature="beforeSuite()[pri:0, instance:genericClasses.TestScript1@74d1dc36]" started-at="2024-04-24T18:25:36 IST" name="beforeSuite" finished-at="2024-04-24T18:25:36 IST" duration-ms="25" status="PASS">
          <reporter-output>
            <line>
              <![CDATA[Before suite]]>
            </line>
            <line>
              <![CDATA[configuring report]]>
            </line>
          </reporter-output>
        </test-method> <!-- beforeSuite -->
        <test-method is-config="true" signature="beforeTest()[pri:0, instance:genericClasses.TestScript1@74d1dc36]" started-at="2024-04-24T18:25:36 IST" name="beforeTest" finished-at="2024-04-24T18:25:36 IST" duration-ms="1" status="PASS">
          <reporter-output>
            <line>
              <![CDATA[Before test]]>
            </line>
          </reporter-output>
        </test-method> <!-- beforeTest -->
        <test-method is-config="true" signature="beforeClass(java.lang.String)[pri:0, instance:genericClasses.TestScript1@74d1dc36]" started-at="2024-04-24T18:25:36 IST" name="beforeClass" finished-at="2024-04-24T18:25:42 IST" duration-ms="6161" status="PASS">
          <params>
            <param index="0">
              <value>
                <![CDATA[chrome]]>
              </value>
            </param>
          </params>
          <reporter-output>
            <line>
              <![CDATA[Before class]]>
            </line>
            <line>
              <![CDATA[Launch browser, maximize and load url]]>
            </line>
          </reporter-output>
        </test-method> <!-- beforeClass -->
        <test-method is-config="true" signature="beforeMethod()[pri:0, instance:genericClasses.TestScript1@74d1dc36]" started-at="2024-04-24T18:25:42 IST" name="beforeMethod" finished-at="2024-04-24T18:25:45 IST" duration-ms="2445" status="PASS">
          <reporter-output>
            <line>
              <![CDATA[Before method]]>
            </line>
            <line>
              <![CDATA[Login]]>
            </line>
          </reporter-output>
        </test-method> <!-- beforeMethod -->
        <test-method signature="clickOnElectronicsLink()[pri:0, instance:genericClasses.TestScript1@74d1dc36]" started-at="2024-04-24T18:25:45 IST" name="clickOnElectronicsLink" finished-at="2024-04-24T18:25:46 IST" duration-ms="1121" status="PASS">
          <reporter-output>
            <line>
              <![CDATA[electronics link clicked]]>
            </line>
          </reporter-output>
        </test-method> <!-- clickOnElectronicsLink -->
        <test-method is-config="true" signature="afterMethod()[pri:0, instance:genericClasses.TestScript1@74d1dc36]" started-at="2024-04-24T18:25:46 IST" name="afterMethod" finished-at="2024-04-24T18:25:47 IST" duration-ms="977" status="PASS">
          <reporter-output>
            <line>
              <![CDATA[After method]]>
            </line>
            <line>
              <![CDATA[Logout]]>
            </line>
          </reporter-output>
        </test-method> <!-- afterMethod -->
        <test-method is-config="true" signature="afterClass()[pri:0, instance:genericClasses.TestScript1@74d1dc36]" started-at="2024-04-24T18:25:47 IST" name="afterClass" finished-at="2024-04-24T18:25:47 IST" duration-ms="358" status="PASS">
          <reporter-output>
            <line>
              <![CDATA[After class]]>
            </line>
            <line>
              <![CDATA[Close the browser and end the session]]>
            </line>
          </reporter-output>
        </test-method> <!-- afterClass -->
        <test-method is-config="true" signature="afterTest()[pri:0, instance:genericClasses.TestScript1@74d1dc36]" started-at="2024-04-24T18:25:47 IST" name="afterTest" finished-at="2024-04-24T18:25:47 IST" duration-ms="0" status="PASS">
          <reporter-output>
            <line>
              <![CDATA[After test]]>
            </line>
          </reporter-output>
        </test-method> <!-- afterTest -->
        <test-method is-config="true" signature="afterSuite()[pri:0, instance:genericClasses.TestScript1@74d1dc36]" started-at="2024-04-24T18:25:47 IST" name="afterSuite" finished-at="2024-04-24T18:25:47 IST" duration-ms="1" status="PASS">
          <reporter-output>
            <line>
              <![CDATA[After suite]]>
            </line>
            <line>
              <![CDATA[flush the report]]>
            </line>
          </reporter-output>
        </test-method> <!-- afterSuite -->
      </class> <!-- genericClasses.TestScript1 -->
    </test> <!-- Default test -->
  </suite> <!-- Default suite -->
</testng-results>
