<?xml version="1.0" encoding="UTF-8"?>
<!-- Generated by org.testng.reporters.JUnitReportReporter -->
<testsuite hostname="DESKTOP-8TGK6H3" failures="0" tests="18" name="demo1.Second_invocationCount" time="0.089" errors="0" timestamp="2024-04-20T16:26:33 IST" skipped="0">
  <testcase classname="demo1.Second_invocationCount" name="executeScript2" time="0.003">
    <system-out>
      <![CDATA[TestNG Method2]]>
    </system-out>
  </testcase> <!-- executeScript2 -->
  <testcase classname="demo1.Second_invocationCount" name="executeScript1" time="0.015">
    <system-out>
      <![CDATA[TestNG Method1]]>
    </system-out>
  </testcase> <!-- executeScript1 -->
  <testcase classname="demo1.Second_invocationCount" name="executeScript2" time="0.004">
    <system-out>
      <![CDATA[TestNG Method2]]>
    </system-out>
  </testcase> <!-- executeScript2 -->
  <testcase classname="demo1.Second_invocationCount" name="executeScript1" time="0.004">
    <system-out>
      <![CDATA[TestNG Method1]]>
    </system-out>
  </testcase> <!-- executeScript1 -->
  <testcase classname="demo1.Second_invocationCount" name="executeScript2" time="0.003">
    <system-out>
      <![CDATA[TestNG Method2]]>
    </system-out>
  </testcase> <!-- executeScript2 -->
  <testcase classname="demo1.Second_invocationCount" name="executeScript2" time="0.004">
    <system-out>
      <![CDATA[TestNG Method2]]>
    </system-out>
  </testcase> <!-- executeScript2 -->
  <testcase classname="demo1.Second_invocationCount" name="executeScript1" time="0.007">
    <system-out>
      <![CDATA[TestNG Method1]]>
    </system-out>
  </testcase> <!-- executeScript1 -->
  <testcase classname="demo1.Second_invocationCount" name="executeScript2" time="0.003">
    <system-out>
      <![CDATA[TestNG Method2]]>
    </system-out>
  </testcase> <!-- executeScript2 -->
  <testcase classname="demo1.Second_invocationCount" name="executeScript2" time="0.002">
    <system-out>
      <![CDATA[TestNG Method2]]>
    </system-out>
  </testcase> <!-- executeScript2 -->
  <testcase classname="demo1.Second_invocationCount" name="executeScript2" time="0.002">
    <system-out>
      <![CDATA[TestNG Method2]]>
    </system-out>
  </testcase> <!-- executeScript2 -->
  <testcase classname="demo1.Second_invocationCount" name="executeScript1" time="0.004">
    <system-out>
      <![CDATA[TestNG Method1]]>
    </system-out>
  </testcase> <!-- executeScript1 -->
  <testcase classname="demo1.Second_invocationCount" name="executeScript2" time="0.002">
    <system-out>
      <![CDATA[TestNG Method2]]>
    </system-out>
  </testcase> <!-- executeScript2 -->
  <testcase classname="demo1.Second_invocationCount" name="executeScript1" time="0.009">
    <system-out>
      <![CDATA[TestNG Method1]]>
    </system-out>
  </testcase> <!-- executeScript1 -->
  <testcase classname="demo1.Second_invocationCount" name="executeScript2" time="0.008">
    <system-out>
      <![CDATA[TestNG Method2]]>
    </system-out>
  </testcase> <!-- executeScript2 -->
  <testcase classname="demo1.Second_invocationCount" name="executeScript2" time="0.006">
    <system-out>
      <![CDATA[TestNG Method2]]>
    </system-out>
  </testcase> <!-- executeScript2 -->
  <testcase classname="demo1.Second_invocationCount" name="executeScript3" time="0.003">
    <system-out>
      <![CDATA[TestNG Method2]]>
    </system-out>
  </testcase> <!-- executeScript3 -->
  <testcase classname="demo1.Second_invocationCount" name="executeScript3" time="0.008">
    <system-out>
      <![CDATA[TestNG Method2]]>
    </system-out>
  </testcase> <!-- executeScript3 -->
  <testcase classname="demo1.Second_invocationCount" name="executeScript3" time="0.002">
    <system-out>
      <![CDATA[TestNG Method2]]>
    </system-out>
  </testcase> <!-- executeScript3 -->
  <system-out>
    <![CDATA[TestNG Method1
TestNG Method1
TestNG Method1
TestNG Method1
TestNG Method1
TestNG Method2
TestNG Method2
TestNG Method2
TestNG Method2
TestNG Method2
TestNG Method2
TestNG Method2
TestNG Method2
TestNG Method2
TestNG Method2
TestNG Method2
TestNG Method2
TestNG Method2]]>
  </system-out>
</testsuite> <!-- demo1.Second_invocationCount -->
