<?xml version="1.0" encoding="UTF-8"?>
<!-- Generated by org.testng.reporters.JUnitReportReporter -->
<testsuite hostname="DESKTOP-8TGK6H3" failures="0" tests="1" name="batchExecution.HayaBusaBike" time="5.445" errors="0" timestamp="2024-04-21T19:00:40 IST" skipped="0">
  <testcase classname="batchExecution.HayaBusaBike" name="launchingHayaBusa" time="5.445">
    <system-out>
      <![CDATA[Launching Wbsite HayaBusa]]>
    </system-out>
  </testcase> <!-- launchingHayaBusa -->
  <system-out>
    <![CDATA[R15 Website Launching
Bobber42 website launching
Jawa350 website launching
Launching Wbsite HayaBusa]]>
  </system-out>
</testsuite> <!-- batchExecution.HayaBusaBike -->
