<?xml version="1.0" encoding="UTF-8"?>
<!-- Generated by org.testng.reporters.JUnitReportReporter -->
<testsuite hostname="DESKTOP-8TGK6H3" failures="0" tests="2" name="parallelExecution.JawaBike" time="45.915" errors="0" timestamp="2024-04-21T19:39:21 IST" skipped="0">
  <testcase classname="parallelExecution.JawaBike" name="launchBobber42" time="22.935">
    <system-out>
      <![CDATA[Bobber42 website launching]]>
    </system-out>
  </testcase> <!-- launchBobber42 -->
  <testcase classname="parallelExecution.JawaBike" name="launchJawa350" time="22.980">
    <system-out>
      <![CDATA[Jawa350 website launching]]>
    </system-out>
  </testcase> <!-- launchJawa350 -->
  <system-out>
    <![CDATA[Bobber42 website launching
Launching Wbsite HayaBusa
Jawa350 website launching
R15 Website Launching]]>
  </system-out>
</testsuite> <!-- parallelExecution.JawaBike -->
