<?xml version="1.0" encoding="UTF-8"?>
<!-- Generated by org.testng.reporters.JUnitReportReporter -->
<testsuite hostname="DESKTOP-8TGK6H3" failures="0" tests="2" name="TestNG.Sixth_timeOut" time="4.910" errors="1" timestamp="2024-04-20T23:08:39 IST" skipped="0">
  <testcase classname="TestNG.Sixth_timeOut" name="executeScripts2" time="3.888">
    <system-out>
      <![CDATA[TestNG method2]]>
    </system-out>
  </testcase> <!-- executeScripts2 -->
  <testcase classname="TestNG.Sixth_timeOut" name="executeScripts1" time="1.022">
    <error message="Method TestNG.Sixth_timeOut.executeScripts1() didn&#039;t finish within the time-out 1000" type="org.testng.internal.thread.ThreadTimeoutException">
      <![CDATA[org.testng.internal.thread.ThreadTimeoutException: Method TestNG.Sixth_timeOut.executeScripts1() didn't finish within the time-out 1000
at java.base@17.0.10/sun.security.ssl.SSLSessionImpl.<init>(SSLSessionImpl.java:152)
at java.base@17.0.10/sun.security.ssl.TransportContext.<init>(TransportContext.java:152)
at java.base@17.0.10/sun.security.ssl.TransportContext.<init>(TransportContext.java:121)
at java.base@17.0.10/sun.security.ssl.SSLSocketImpl.<init>(SSLSocketImpl.java:125)
at java.base@17.0.10/sun.security.ssl.SSLSocketFactoryImpl.createSocket(SSLSocketFactoryImpl.java:72)
at java.base@17.0.10/javax.net.ssl.SSLContextSpi.getDefaultSocket(SSLContextSpi.java:168)
at java.base@17.0.10/javax.net.ssl.SSLContextSpi.engineGetDefaultSSLParameters(SSLContextSpi.java:193)
at java.base@17.0.10/javax.net.ssl.SSLContext.getDefaultSSLParameters(SSLContext.java:471)
at platform/java.net.http@17.0.10/jdk.internal.net.http.HttpClientImpl.getDefaultParams(HttpClientImpl.java:354)
at platform/java.net.http@17.0.10/jdk.internal.net.http.HttpClientImpl.<init>(HttpClientImpl.java:317)
at platform/java.net.http@17.0.10/jdk.internal.net.http.HttpClientImpl.create(HttpClientImpl.java:270)
at platform/java.net.http@17.0.10/jdk.internal.net.http.HttpClientBuilderImpl.build(HttpClientBuilderImpl.java:135)
at app//org.openqa.selenium.remote.http.jdk.JdkHttpClient.<init>(JdkHttpClient.java:152)
at app//org.openqa.selenium.remote.http.jdk.JdkHttpClient$Factory.createClient(JdkHttpClient.java:471)
at app//org.openqa.selenium.remote.HttpCommandExecutor.<init>(HttpCommandExecutor.java:114)
at app//org.openqa.selenium.remote.HttpCommandExecutor.<init>(HttpCommandExecutor.java:91)
at app//org.openqa.selenium.remote.service.DriverCommandExecutor.<init>(DriverCommandExecutor.java:87)
at app//org.openqa.selenium.chromium.ChromiumDriverCommandExecutor.<init>(ChromiumDriverCommandExecutor.java:44)
at app//org.openqa.selenium.chrome.ChromeDriver$ChromeDriverCommandExecutor.<init>(ChromeDriver.java:114)
at app//org.openqa.selenium.chrome.ChromeDriver.generateExecutor(ChromeDriver.java:104)
at app//org.openqa.selenium.chrome.ChromeDriver.<init>(ChromeDriver.java:89)
at app//org.openqa.selenium.chrome.ChromeDriver.<init>(ChromeDriver.java:84)
at app//org.openqa.selenium.chrome.ChromeDriver.<init>(ChromeDriver.java:52)
at app//TestNG.Sixth_timeOut.executeScripts1(Sixth_timeOut.java:24)
at java.base@17.0.10/jdk.internal.reflect.NativeMethodAccessorImpl.invoke0(Native Method)
at java.base@17.0.10/jdk.internal.reflect.NativeMethodAccessorImpl.invoke(NativeMethodAccessorImpl.java:77)
at java.base@17.0.10/jdk.internal.reflect.DelegatingMethodAccessorImpl.invoke(DelegatingMethodAccessorImpl.java:43)
at java.base@17.0.10/java.lang.reflect.Method.invoke(Method.java:568)
at app//org.testng.internal.invokers.MethodInvocationHelper.invokeMethod(MethodInvocationHelper.java:141)
at app//org.testng.internal.invokers.InvokeMethodRunnable.runOne(InvokeMethodRunnable.java:47)
at app//org.testng.internal.invokers.InvokeMethodRunnable.call(InvokeMethodRunnable.java:76)
at app//org.testng.internal.invokers.InvokeMethodRunnable.call(InvokeMethodRunnable.java:11)
at java.base@17.0.10/java.util.concurrent.FutureTask.run(FutureTask.java:264)
at java.base@17.0.10/java.util.concurrent.ThreadPoolExecutor.runWorker(ThreadPoolExecutor.java:1136)
at java.base@17.0.10/java.util.concurrent.ThreadPoolExecutor$Worker.run(ThreadPoolExecutor.java:635)
at java.base@17.0.10/java.lang.Thread.run(Thread.java:840)
]]>
    </error>
    <system-out>
      <![CDATA[TestNG method1]]>
    </system-out>
  </testcase> <!-- executeScripts1 -->
  <system-out>
    <![CDATA[TestNG method1
TestNG method2]]>
  </system-out>
</testsuite> <!-- TestNG.Sixth_timeOut -->
