<?xml version="1.0" encoding="UTF-8"?>
<!-- Generated by org.testng.reporters.JUnitReportReporter -->
<testsuite hostname="DESKTOP-8TGK6H3" failures="0" tests="4" name="demo1.First" time="0.031" errors="0" timestamp="2024-04-20T14:41:23 IST" skipped="0">
  <testcase classname="demo1.First" name="executeSript3" time="0.016">
    <system-out>
      <![CDATA[TestNG Method3]]>
    </system-out>
  </testcase> <!-- executeSript3 -->
  <testcase classname="demo1.First" name="executeSript2" time="0.004">
    <system-out>
      <![CDATA[TestNG Method2]]>
    </system-out>
  </testcase> <!-- executeSript2 -->
  <testcase classname="demo1.First" name="executeSript4" time="0.003">
    <system-out>
      <![CDATA[TestNG Method4]]>
    </system-out>
  </testcase> <!-- executeSript4 -->
  <testcase classname="demo1.First" name="executeScript1" time="0.008">
    <system-out>
      <![CDATA[TestNG Method1]]>
    </system-out>
  </testcase> <!-- executeScript1 -->
  <system-out>
    <![CDATA[TestNG Method3
TestNG Method2
TestNG Method1
TestNG Method4]]>
  </system-out>
</testsuite> <!-- demo1.First -->
