<?xml version="1.0" encoding="UTF-8"?>
<!-- Generated by org.testng.reporters.JUnitReportReporter -->
<testsuite hostname="DESKTOP-8TGK6H3" failures="0" tests="1" name="parallelExecution.HayaBusaBike" time="22.833" errors="0" timestamp="2024-04-21T19:39:21 IST" skipped="0">
  <testcase classname="parallelExecution.HayaBusaBike" name="launchingHayaBusa" time="22.833">
    <system-out>
      <![CDATA[Launching Wbsite HayaBusa]]>
    </system-out>
  </testcase> <!-- launchingHayaBusa -->
  <system-out>
    <![CDATA[Bobber42 website launching
Launching Wbsite HayaBusa
Jawa350 website launching
R15 Website Launching]]>
  </system-out>
</testsuite> <!-- parallelExecution.HayaBusaBike -->
