<?xml version="1.0" encoding="UTF-8"?>
<!-- Generated by org.testng.reporters.JUnitReportReporter -->
<testsuite hostname="DESKTOP-8TGK6H3" failures="0" tests="1" name="batchExecution.R15Bike" time="6.792" errors="0" timestamp="2024-04-21T19:00:40 IST" skipped="0">
  <testcase classname="batchExecution.R15Bike" name="launchingR15Site" time="6.792">
    <system-out>
      <![CDATA[R15 Website Launching]]>
    </system-out>
  </testcase> <!-- launchingR15Site -->
  <system-out>
    <![CDATA[R15 Website Launching
Bobber42 website launching
Jawa350 website launching
Launching Wbsite HayaBusa]]>
  </system-out>
</testsuite> <!-- batchExecution.R15Bike -->
