<?xml version="1.0" encoding="UTF-8"?>
<!-- Generated by org.testng.reporters.JUnitReportReporter -->
<testsuite hostname="DESKTOP-8TGK6H3" failures="0" tests="1" name="genericClasses.TestScript1" time="4.543" errors="0" timestamp="2024-04-24T18:25:48 IST" skipped="0">
  <testcase classname="genericClasses.TestScript1" name="clickOnElectronicsLink" time="4.543">
    <system-out>
      <![CDATA[electronics link clicked]]>
    </system-out>
  </testcase> <!-- clickOnElectronicsLink -->
  <system-out>
    <![CDATA[Before suite
configuring report
Before test
Before class
Launch browser, maximize and load url
Before method
Login
electronics link clicked
After method
Logout
After class
Close the browser and end the session
After test
After suite
flush the report]]>
  </system-out>
</testsuite> <!-- genericClasses.TestScript1 -->
