<?xml version="1.0" encoding="UTF-8"?>
<!-- Generated by org.testng.reporters.JUnitReportReporter -->
<testsuite hostname="DESKTOP-8TGK6H3" failures="0" tests="2" name="batchExecution.JawaBike" time="14.131" errors="0" timestamp="2024-04-21T19:00:40 IST" skipped="0">
  <testcase classname="batchExecution.JawaBike" name="launchJawa350" time="8.298">
    <system-out>
      <![CDATA[Jawa350 website launching]]>
    </system-out>
  </testcase> <!-- launchJawa350 -->
  <testcase classname="batchExecution.JawaBike" name="launchBobber42" time="5.833">
    <system-out>
      <![CDATA[Bobber42 website launching]]>
    </system-out>
  </testcase> <!-- launchBobber42 -->
  <system-out>
    <![CDATA[R15 Website Launching
Bobber42 website launching
Jawa350 website launching
Launching Wbsite HayaBusa]]>
  </system-out>
</testsuite> <!-- batchExecution.JawaBike -->
