<?xml version="1.0" encoding="UTF-8"?>
<!-- Generated by org.testng.reporters.JUnitReportReporter -->
<testsuite hostname="DESKTOP-8TGK6H3" failures="0" tests="1" name="parallelExecution.R15Bike" time="22.977" errors="0" timestamp="2024-04-21T19:39:21 IST" skipped="0">
  <testcase classname="parallelExecution.R15Bike" name="launchingR15Site" time="22.977">
    <system-out>
      <![CDATA[R15 Website Launching]]>
    </system-out>
  </testcase> <!-- launchingR15Site -->
  <system-out>
    <![CDATA[Bobber42 website launching
Launching Wbsite HayaBusa
Jawa350 website launching
R15 Website Launching]]>
  </system-out>
</testsuite> <!-- parallelExecution.R15Bike -->
