<?xml version="1.0" encoding="UTF-8"?>
<!-- Generated by org.testng.reporters.JUnitReportReporter -->
<testsuite hostname="DESKTOP-8TGK6H3" failures="0" tests="3" name="TestNG.Forth_dependsOnMethods" time="19.986" errors="0" timestamp="2024-04-20T17:26:26 IST" skipped="0">
  <testcase classname="TestNG.Forth_dependsOnMethods" name="executeScript2" time="6.494">
    <system-out>
      <![CDATA[TestNg method2]]>
    </system-out>
  </testcase> <!-- executeScript2 -->
  <testcase classname="TestNG.Forth_dependsOnMethods" name="executeScript3" time="7.821">
    <system-out>
      <![CDATA[TestNg method3]]>
    </system-out>
  </testcase> <!-- executeScript3 -->
  <testcase classname="TestNG.Forth_dependsOnMethods" name="executeScript1" time="5.671">
    <system-out>
      <![CDATA[TestNg method1]]>
    </system-out>
  </testcase> <!-- executeScript1 -->
  <system-out>
    <![CDATA[TestNg method2
TestNg method3
TestNg method1]]>
  </system-out>
</testsuite> <!-- TestNG.Forth_dependsOnMethods -->
