<?xml version="1.0" encoding="UTF-8"?>
<!-- Generated by org.testng.reporters.JUnitReportReporter -->
<testsuite hostname="DESKTOP-8TGK6H3" failures="0" tests="4" name="demo1.Third_threadPoolSize" time="91.212" errors="0" timestamp="2024-04-20T16:43:30 IST" skipped="0">
  <testcase classname="demo1.Third_threadPoolSize" name="executeScript2" time="6.460">
    <system-out>
      <![CDATA[TestNg method2]]>
    </system-out>
  </testcase> <!-- executeScript2 -->
  <testcase classname="demo1.Third_threadPoolSize" name="executeScript1" time="28.253">
    <system-out>
      <![CDATA[TestNG Method1]]>
    </system-out>
  </testcase> <!-- executeScript1 -->
  <testcase classname="demo1.Third_threadPoolSize" name="executeScript1" time="28.313">
    <system-out>
      <![CDATA[TestNG Method1]]>
    </system-out>
  </testcase> <!-- executeScript1 -->
  <testcase classname="demo1.Third_threadPoolSize" name="executeScript1" time="28.186">
    <system-out>
      <![CDATA[TestNG Method1]]>
    </system-out>
  </testcase> <!-- executeScript1 -->
  <system-out>
    <![CDATA[TestNG Method1
TestNG Method1
TestNG Method1
TestNg method2]]>
  </system-out>
</testsuite> <!-- demo1.Third_threadPoolSize -->
