<?xml version="1.0" encoding="UTF-8"?>
<!-- Generated by org.testng.reporters.JUnitReportReporter -->
<testsuite hostname="DESKTOP-8TGK6H3" failures="0" tests="2" name="configurationAnnotation.TestScript1" time="0.041" errors="0" timestamp="2024-04-24T15:01:37 IST" skipped="0">
  <testcase classname="configurationAnnotation.TestScript1" name="testCase02" time="0.014">
    <system-out>
      <![CDATA[testCase02 executed]]>
    </system-out>
  </testcase> <!-- testCase02 -->
  <testcase classname="configurationAnnotation.TestScript1" name="testCase01" time="0.027">
    <system-out>
      <![CDATA[testCase01 executed]]>
    </system-out>
  </testcase> <!-- testCase01 -->
  <system-out>
    <![CDATA[Before suite
configuring report
Before test
Before class
Launch browser,maximize an load url
Before method
Login
testCase01 executed
After method
logout
Before method
Login
testCase02 executed
After method
logout
After class
Close the browser and end the session
Before class
Launch browser,maximize an load url
Before method
Login
testCase03 executed
After method
logout
After class
Close the browser and end the session
After test
After suite
flush the report]]>
  </system-out>
</testsuite> <!-- configurationAnnotation.TestScript1 -->
