<?xml version="1.0" encoding="UTF-8"?>
<!-- Generated by org.testng.reporters.JUnitReportReporter -->
<testsuite hostname="DESKTOP-8TGK6H3" failures="0" tests="2" name="demo1.Third_enabled" time="0.022" errors="0" timestamp="2024-04-20T17:10:26 IST" skipped="0">
  <testcase classname="demo1.Third_enabled" name="executTest2" time="0.015">
    <system-out>
      <![CDATA[TestNG Method2]]>
    </system-out>
  </testcase> <!-- executTest2 -->
  <testcase classname="demo1.Third_enabled" name="executTest4" time="0.007">
    <system-out>
      <![CDATA[TestNG Method4]]>
    </system-out>
  </testcase> <!-- executTest4 -->
  <system-out>
    <![CDATA[TestNG Method2
TestNG Method4]]>
  </system-out>
</testsuite> <!-- demo1.Third_enabled -->
